= 2022-08-24 19:56:5639[[32minfo[39m]:	[32mServer running on port: 3000[39m
= 2022-08-24 19:57:572[[32minfo[39m]:	[32mServer running on port: 3000[39m
= 2022-08-24 20:00:028[[32minfo[39m]:	[32mServer running on port: 3000[39m
= 2022-08-24 20:00:032[[32minfo[39m]:	[32mServer running on port: 3000[39m
= 2022-08-24 20:06:632[[32minfo[39m]:	[32mServer running on port: 3000[39m
= 2022-08-24 20:07:710[[32minfo[39m]:	[32mServer running on port: 3000[39m
= 2022-08-24 20:07:734[[32minfo[39m]:	[32mServer running on port: 3000[39m
= 2022-08-24 20:08:833[[32minfo[39m]:	[32mServer running on port: 3000[39m
= 2022-08-24 20:09:911[[32minfo[39m]:	[32mServer running on port: 3000[39m
= 2022-08-24 20:23:231[[32minfo[39m]:	[32mServer running on port: 3000[39m
= 2022-08-24 21:32:3235[[32minfo[39m]:	[32mServer running on port: 3000[39m
= 2022-08-24 21:54:5449[[32minfo[39m]:	[32mServer running on port: 3000[39m
= 2022-08-24 23:07:747[[35mhttp[39m]:	[35mGET / 404 139 - 1.807 ms[39m
[35m[39m
= 2022-08-24 23:08:81[[35mhttp[39m]:	[35mGET / 404 139 - 2.119 ms[39m
[35m[39m
= 2022-08-24 23:08:815[[35mhttp[39m]:	[35mGET /api/v1 200 25 - 1.574 ms[39m
[35m[39m
= 2022-08-24 23:14:1452[[32minfo[39m]:	[32mServer running on port: 3000[39m
= 2022-08-24 23:15:1543[[32minfo[39m]:	[32mServer running on port: 3000[39m
= 2022-08-24 23:54:5450[[32minfo[39m]:	[32mServer running on port: 3000[39m
= 2022-08-25 00:01:120[[32minfo[39m]:	[32mServer running on port: 3000[39m
= 2022-08-25 00:10:1011[[32minfo[39m]:	[32mServer running on port: 3000[39m
= 2022-08-25 00:10:1028[[32minfo[39m]:	[32mServer running on port: 3000[39m
= 2022-08-25 00:12:121[[32minfo[39m]:	[32mServer running on port: 3000[39m
= 2022-08-25 00:13:1316[[32minfo[39m]:	[32mServer running on port: 3000[39m
= 2022-08-25 00:13:1322[[32minfo[39m]:	[32mServer running on port: 3000[39m
= 2022-08-25 00:13:1339[[32minfo[39m]:	[32mServer running on port: 3000[39m
= 2022-08-25 00:13:1354[[32minfo[39m]:	[32mServer running on port: 3000[39m
= 2022-08-25 00:14:141[[32minfo[39m]:	[32mServer running on port: 3000[39m
= 2022-08-25 00:17:1738[[32minfo[39m]:	[32mServer running on port: 3000[39m
= 2022-08-25 00:18:1811[[32minfo[39m]:	[32mServer running on port: 3000[39m
= 2022-08-25 00:18:1823[[32minfo[39m]:	[32mServer running on port: 3000[39m
= 2022-08-25 00:18:1833[[32minfo[39m]:	[32mServer running on port: 3000[39m
= 2022-08-25 00:18:1833[[32minfo[39m]:	[32mDatabase connected![39m
= 2022-08-25 00:18:1848[[32minfo[39m]:	[32mServer running on port: 3000[39m
= 2022-08-25 00:18:1848[[32minfo[39m]:	[32mDatabase connected![39m
= 2022-08-25 00:18:1851[[32minfo[39m]:	[32mServer running on port: 3000[39m
= 2022-08-25 00:18:1851[[32minfo[39m]:	[32mDatabase connected![39m
= 2022-08-25 00:21:2121[[32minfo[39m]:	[32mServer running on port: 3000[39m
= 2022-08-25 00:25:2553[[32minfo[39m]:	[32mDatabase connected![39m
= 2022-08-25 00:25:2553[[32minfo[39m]:	[32mServer running on port: 3000[39m
= 2022-08-25 00:25:2555[[32minfo[39m]:	[32mDatabase connected![39m
= 2022-08-25 00:25:2555[[32minfo[39m]:	[32mServer running on port: 3000[39m
= 2022-08-25 00:25:2556[[32minfo[39m]:	[32mDatabase connected![39m
= 2022-08-25 00:25:2556[[32minfo[39m]:	[32mServer running on port: 3000[39m
= 2022-08-25 00:26:2613[[32minfo[39m]:	[32mDatabase connected![39m
= 2022-08-25 00:26:2613[[32minfo[39m]:	[32mServer running on port: 3000[39m
= 2022-08-25 00:26:2646[[31merror[39m]:	[31mDatabase connect error: error: password authentication failed for user "postgres"[39m
= 2022-08-25 00:27:274[[32minfo[39m]:	[32mDatabase connected![39m
= 2022-08-25 00:27:274[[32minfo[39m]:	[32mServer running on port: 3000[39m
